\BOOKMARK [1][-]{section.1}{Geometric Singular Perturbation Theory}{}% 1
\BOOKMARK [1][-]{section.2}{Fast-Slow Systems}{}% 2
\BOOKMARK [1][-]{section.3}{Singularities and Fold Points}{}% 3
\BOOKMARK [2][-]{subsection.3.1}{Folded Singularities in a Three Dimensional System}{section.3}% 4
\BOOKMARK [1][-]{section.4}{The Van Der Pol Equation}{}% 5
\BOOKMARK [2][-]{subsection.4.1}{Derivation of the Van der Pol Fast-Slow System}{section.4}% 6
\BOOKMARK [2][-]{subsection.4.2}{Phase Plane Analysis \(is it?? some part 'singularity analysis'\)}{section.4}% 7
\BOOKMARK [2][-]{subsection.4.3}{Transformation of the Van der Pol System}{section.4}% 8
\BOOKMARK [2][-]{subsection.4.4}{Reduced Dynamics}{section.4}% 9
\BOOKMARK [2][-]{subsection.4.5}{Extended System}{section.4}% 10
\BOOKMARK [3][-]{subsubsection.4.5.1}{Canonical Form}{subsection.4.5}% 11
\BOOKMARK [1][-]{section.5}{Charts}{}% 12
\BOOKMARK [1][-]{section.6}{Transformation}{}% 13
\BOOKMARK [2][-]{subsection.6.1}{Mapping Transformation}{section.6}% 14
\BOOKMARK [2][-]{subsection.6.2}{Non-degeneracy Conditions}{section.6}% 15
\BOOKMARK [2][-]{subsection.6.3}{Reduced Dynamics}{section.6}% 16
\BOOKMARK [2][-]{subsection.6.4}{Fenichel and Standard Theory}{section.6}% 17
\BOOKMARK [2][-]{subsection.6.5}{Extended System}{section.6}% 18
\BOOKMARK [3][-]{subsubsection.6.5.1}{Canonical Form}{subsection.6.5}% 19
\BOOKMARK [1][-]{section.7}{Blow-ups in our System}{}% 20
\BOOKMARK [2][-]{subsection.7.1}{Charts}{section.7}% 21
\BOOKMARK [2][-]{subsection.7.2}{Dynamics in K2}{section.7}% 22
\BOOKMARK [2][-]{subsection.7.3}{Dynamics in K1}{section.7}% 23
\BOOKMARK [2][-]{subsection.7.4}{Dynamics in K3}{section.7}% 24
\BOOKMARK [1][-]{section.8}{Canard Points}{}% 25
\BOOKMARK [2][-]{subsection.8.1}{Canard Blow-up}{section.8}% 26
\BOOKMARK [3][-]{subsubsection.8.1.1}{Dynamics in K2}{subsection.8.1}% 27
\BOOKMARK [2][-]{subsection.8.2}{Dynamics in K1}{section.8}% 28
\BOOKMARK [3][-]{subsubsection.8.2.1}{Separation of the Manifolds}{subsection.8.2}% 29
\BOOKMARK [2][-]{subsection.8.3}{Effect of the Canard Point}{section.8}% 30
\BOOKMARK [3][-]{subsubsection.8.3.1}{Singular Hopf Bifurcation}{subsection.8.3}% 31
\BOOKMARK [1][-]{appendix.A}{Dynamics in K2}{}% 32
\BOOKMARK [1][-]{appendix.A}{Log}{}% 33
