This is pdfTeX, Version 3.14159265-2.6-1.40.18 (TeX Live 2017/W32TeX) (preloaded format=pdflatex 2018.9.18)  17 DEC 2018 09:57
entering extended mode
 restricted \write18 enabled.
 %&-line parsing enabled.
**./main.tex
(./main.tex
LaTeX2e <2017-04-15>
Babel <3.10> and hyphenation patterns for 84 language(s) loaded.
(c:/texlive/2017/texmf-dist/tex/latex/base/article.cls
Document Class: article 2014/09/29 v1.4h Standard LaTeX document class
(c:/texlive/2017/texmf-dist/tex/latex/base/size10.clo
File: size10.clo 2014/09/29 v1.4h Standard LaTeX file (size option)
)
\c@part=\count79
\c@section=\count80
\c@subsection=\count81
\c@subsubsection=\count82
\c@paragraph=\count83
\c@subparagraph=\count84
\c@figure=\count85
\c@table=\count86
\abovecaptionskip=\skip41
\belowcaptionskip=\skip42
\bibindent=\dimen102
) (./proj1.sty
Package: proj1 My First Style File

(c:/texlive/2017/texmf-dist/tex/latex/base/inputenc.sty
Package: inputenc 2015/03/17 v1.2c Input encoding file
\inpenc@prehook=\toks14
\inpenc@posthook=\toks15

(c:/texlive/2017/texmf-dist/tex/latex/ucs/utf8x.def
File: utf8x.def 2004/10/17 UCS: Input encoding UTF-8
))
(c:/texlive/2017/texmf-dist/tex/latex/ucs/ucs.sty
Package: ucs 2013/05/11 v2.2 UCS: Unicode input support

(c:/texlive/2017/texmf-dist/tex/latex/ucs/data/uni-global.def
File: uni-global.def 2013/05/13 UCS: Unicode global data
)
\uc@secondtry=\count87
\uc@combtoks=\toks16
\uc@combtoksb=\toks17
\uc@temptokena=\toks18
)
(c:/texlive/2017/texmf-dist/tex/latex/amsmath/amsmath.sty
Package: amsmath 2016/11/05 v2.16a AMS math features
\@mathmargin=\skip43

For additional information on amsmath, use the `?' option.
(c:/texlive/2017/texmf-dist/tex/latex/amsmath/amstext.sty
Package: amstext 2000/06/29 v2.01 AMS text

(c:/texlive/2017/texmf-dist/tex/latex/amsmath/amsgen.sty
File: amsgen.sty 1999/11/30 v2.0 generic functions
\@emptytoks=\toks19
\ex@=\dimen103
))
(c:/texlive/2017/texmf-dist/tex/latex/amsmath/amsbsy.sty
Package: amsbsy 1999/11/29 v1.2d Bold Symbols
\pmbraise@=\dimen104
)
(c:/texlive/2017/texmf-dist/tex/latex/amsmath/amsopn.sty
Package: amsopn 2016/03/08 v2.02 operator names
)
\inf@bad=\count88
LaTeX Info: Redefining \frac on input line 213.
\uproot@=\count89
\leftroot@=\count90
LaTeX Info: Redefining \overline on input line 375.
\classnum@=\count91
\DOTSCASE@=\count92
LaTeX Info: Redefining \ldots on input line 472.
LaTeX Info: Redefining \dots on input line 475.
LaTeX Info: Redefining \cdots on input line 596.
\Mathstrutbox@=\box26
\strutbox@=\box27
\big@size=\dimen105
LaTeX Font Info:    Redeclaring font encoding OML on input line 712.
LaTeX Font Info:    Redeclaring font encoding OMS on input line 713.
\macc@depth=\count93
\c@MaxMatrixCols=\count94
\dotsspace@=\muskip10
\c@parentequation=\count95
\dspbrk@lvl=\count96
\tag@help=\toks20
\row@=\count97
\column@=\count98
\maxfields@=\count99
\andhelp@=\toks21
\eqnshift@=\dimen106
\alignsep@=\dimen107
\tagshift@=\dimen108
\tagwidth@=\dimen109
\totwidth@=\dimen110
\lineht@=\dimen111
\@envbody=\toks22
\multlinegap=\skip44
\multlinetaggap=\skip45
\mathdisplay@stack=\toks23
LaTeX Info: Redefining \[ on input line 2817.
LaTeX Info: Redefining \] on input line 2818.
)
(c:/texlive/2017/texmf-dist/tex/latex/amsfonts/amsfonts.sty
Package: amsfonts 2013/01/14 v3.01 Basic AMSFonts support
\symAMSa=\mathgroup4
\symAMSb=\mathgroup5
LaTeX Font Info:    Overwriting math alphabet `\mathfrak' in version `bold'
(Font)                  U/euf/m/n --> U/euf/b/n on input line 106.
)
(c:/texlive/2017/texmf-dist/tex/latex/amsfonts/amssymb.sty
Package: amssymb 2013/01/14 v3.01 AMS font symbols
)
(c:/texlive/2017/texmf-dist/tex/latex/amscls/amsthm.sty
Package: amsthm 2015/03/04 v2.20.2
\thm@style=\toks24
\thm@bodyfont=\toks25
\thm@headfont=\toks26
\thm@notefont=\toks27
\thm@headpunct=\toks28
\thm@preskip=\skip46
\thm@postskip=\skip47
\thm@headsep=\skip48
\dth@everypar=\toks29
)
(c:/texlive/2017/texmf-dist/tex/latex/graphics/graphicx.sty
Package: graphicx 2014/10/28 v1.0g Enhanced LaTeX Graphics (DPC,SPQR)

(c:/texlive/2017/texmf-dist/tex/latex/graphics/keyval.sty
Package: keyval 2014/10/28 v1.15 key=value parser (DPC)
\KV@toks@=\toks30
)
(c:/texlive/2017/texmf-dist/tex/latex/graphics/graphics.sty
Package: graphics 2017/04/14 v1.1b Standard LaTeX Graphics (DPC,SPQR)

(c:/texlive/2017/texmf-dist/tex/latex/graphics/trig.sty
Package: trig 2016/01/03 v1.10 sin cos tan (DPC)
)
(c:/texlive/2017/texmf-dist/tex/latex/graphics-cfg/graphics.cfg
File: graphics.cfg 2016/06/04 v1.11 sample graphics configuration
)
Package graphics Info: Driver file: pdftex.def on input line 99.

(c:/texlive/2017/texmf-dist/tex/latex/graphics-def/pdftex.def
File: pdftex.def 2017/01/12 v0.06k Graphics/color for pdfTeX

(c:/texlive/2017/texmf-dist/tex/generic/oberdiek/infwarerr.sty
Package: infwarerr 2016/05/16 v1.4 Providing info/warning/error messages (HO)
)
(c:/texlive/2017/texmf-dist/tex/generic/oberdiek/ltxcmds.sty
Package: ltxcmds 2016/05/16 v1.23 LaTeX kernel commands for general use (HO)
)
\Gread@gobject=\count100
))
\Gin@req@height=\dimen112
\Gin@req@width=\dimen113
)
(c:/texlive/2017/texmf-dist/tex/latex/geometry/geometry.sty
Package: geometry 2010/09/12 v5.6 Page Geometry

(c:/texlive/2017/texmf-dist/tex/generic/oberdiek/ifpdf.sty
Package: ifpdf 2017/03/15 v3.2 Provides the ifpdf switch
)
(c:/texlive/2017/texmf-dist/tex/generic/oberdiek/ifvtex.sty
Package: ifvtex 2016/05/16 v1.6 Detect VTeX and its facilities (HO)
Package ifvtex Info: VTeX not detected.
)
(c:/texlive/2017/texmf-dist/tex/generic/ifxetex/ifxetex.sty
Package: ifxetex 2010/09/12 v0.6 Provides ifxetex conditional
)
\Gm@cnth=\count101
\Gm@cntv=\count102
\c@Gm@tempcnt=\count103
\Gm@bindingoffset=\dimen114
\Gm@wd@mp=\dimen115
\Gm@odd@mp=\dimen116
\Gm@even@mp=\dimen117
\Gm@layoutwidth=\dimen118
\Gm@layoutheight=\dimen119
\Gm@layouthoffset=\dimen120
\Gm@layoutvoffset=\dimen121
\Gm@dimlist=\toks31
)
(c:/texlive/2017/texmf-dist/tex/latex/fancyhdr/fancyhdr.sty
Package: fancyhdr 2016/09/06 3.8 Extensive control of page headers and footers
\fancy@headwidth=\skip49
\f@ncyO@elh=\skip50
\f@ncyO@erh=\skip51
\f@ncyO@olh=\skip52
\f@ncyO@orh=\skip53
\f@ncyO@elf=\skip54
\f@ncyO@erf=\skip55
\f@ncyO@olf=\skip56
\f@ncyO@orf=\skip57
)
(c:/texlive/2017/texmf-dist/tex/latex/caption/subcaption.sty
Package: subcaption 2016/05/22 v1.1-161 Sub-captions (AR)

(c:/texlive/2017/texmf-dist/tex/latex/caption/caption.sty
Package: caption 2016/02/21 v3.3-144 Customizing captions (AR)

(c:/texlive/2017/texmf-dist/tex/latex/caption/caption3.sty
Package: caption3 2016/05/22 v1.7-166 caption3 kernel (AR)
Package caption3 Info: TeX engine: e-TeX on input line 67.
\captionmargin=\dimen122
\captionmargin@=\dimen123
\captionwidth=\dimen124
\caption@tempdima=\dimen125
\caption@indent=\dimen126
\caption@parindent=\dimen127
\caption@hangindent=\dimen128
)
\c@ContinuedFloat=\count104
)
\c@subfigure=\count105
\c@subtable=\count106
)
(c:/texlive/2017/texmf-dist/tex/latex/hyperref/hyperref.sty
Package: hyperref 2017/03/14 v6.85a Hypertext links for LaTeX

(c:/texlive/2017/texmf-dist/tex/generic/oberdiek/hobsub-hyperref.sty
Package: hobsub-hyperref 2016/05/16 v1.14 Bundle oberdiek, subset hyperref (HO)


(c:/texlive/2017/texmf-dist/tex/generic/oberdiek/hobsub-generic.sty
Package: hobsub-generic 2016/05/16 v1.14 Bundle oberdiek, subset generic (HO)
Package: hobsub 2016/05/16 v1.14 Construct package bundles (HO)
Package hobsub Info: Skipping package `infwarerr' (already loaded).
Package hobsub Info: Skipping package `ltxcmds' (already loaded).
Package: ifluatex 2016/05/16 v1.4 Provides the ifluatex switch (HO)
Package ifluatex Info: LuaTeX not detected.
Package hobsub Info: Skipping package `ifvtex' (already loaded).
Package: intcalc 2016/05/16 v1.2 Expandable calculations with integers (HO)
Package hobsub Info: Skipping package `ifpdf' (already loaded).
Package: etexcmds 2016/05/16 v1.6 Avoid name clashes with e-TeX commands (HO)
Package etexcmds Info: Could not find \expanded.
(etexcmds)             That can mean that you are not using pdfTeX 1.50 or
(etexcmds)             that some package has redefined \expanded.
(etexcmds)             In the latter case, load this package earlier.
Package: kvsetkeys 2016/05/16 v1.17 Key value parser (HO)
Package: kvdefinekeys 2016/05/16 v1.4 Define keys (HO)
Package: pdftexcmds 2017/03/19 v0.25 Utility functions of pdfTeX for LuaTeX (HO
)
Package pdftexcmds Info: LuaTeX not detected.
Package pdftexcmds Info: \pdf@primitive is available.
Package pdftexcmds Info: \pdf@ifprimitive is available.
Package pdftexcmds Info: \pdfdraftmode found.
Package: pdfescape 2016/05/16 v1.14 Implements pdfTeX's escape features (HO)
Package: bigintcalc 2016/05/16 v1.4 Expandable calculations on big integers (HO
)
Package: bitset 2016/05/16 v1.2 Handle bit-vector datatype (HO)
Package: uniquecounter 2016/05/16 v1.3 Provide unlimited unique counter (HO)
)
Package hobsub Info: Skipping package `hobsub' (already loaded).
Package: letltxmacro 2016/05/16 v1.5 Let assignment for LaTeX macros (HO)
Package: hopatch 2016/05/16 v1.3 Wrapper for package hooks (HO)
Package: xcolor-patch 2016/05/16 xcolor patch
Package: atveryend 2016/05/16 v1.9 Hooks at the very end of document (HO)
Package atveryend Info: \enddocument detected (standard20110627).
Package: atbegshi 2016/06/09 v1.18 At begin shipout hook (HO)
Package: refcount 2016/05/16 v3.5 Data extraction from label references (HO)
Package: hycolor 2016/05/16 v1.8 Color options for hyperref/bookmark (HO)
)
(c:/texlive/2017/texmf-dist/tex/latex/oberdiek/auxhook.sty
Package: auxhook 2016/05/16 v1.4 Hooks for auxiliary files (HO)
)
(c:/texlive/2017/texmf-dist/tex/latex/oberdiek/kvoptions.sty
Package: kvoptions 2016/05/16 v3.12 Key value format for package options (HO)
)
\@linkdim=\dimen129
\Hy@linkcounter=\count107
\Hy@pagecounter=\count108

(c:/texlive/2017/texmf-dist/tex/latex/hyperref/pd1enc.def
File: pd1enc.def 2017/03/14 v6.85a Hyperref: PDFDocEncoding definition (HO)
)
\Hy@SavedSpaceFactor=\count109

(c:/texlive/2017/texmf-dist/tex/latex/latexconfig/hyperref.cfg
File: hyperref.cfg 2002/06/06 v1.2 hyperref configuration of TeXLive
)
Package hyperref Info: Hyper figures OFF on input line 4498.
Package hyperref Info: Link nesting OFF on input line 4503.
Package hyperref Info: Hyper index ON on input line 4506.
Package hyperref Info: Plain pages OFF on input line 4513.
Package hyperref Info: Backreferencing OFF on input line 4518.
Package hyperref Info: Implicit mode ON; LaTeX internals redefined.
Package hyperref Info: Bookmarks ON on input line 4751.
\c@Hy@tempcnt=\count110

(c:/texlive/2017/texmf-dist/tex/latex/url/url.sty
\Urlmuskip=\muskip11
Package: url 2013/09/16  ver 3.4  Verb mode for urls, etc.
)
LaTeX Info: Redefining \url on input line 5104.
\XeTeXLinkMargin=\dimen130
\Fld@menulength=\count111
\Field@Width=\dimen131
\Fld@charsize=\dimen132
Package hyperref Info: Hyper figures OFF on input line 6358.
Package hyperref Info: Link nesting OFF on input line 6363.
Package hyperref Info: Hyper index ON on input line 6366.
Package hyperref Info: backreferencing OFF on input line 6373.
Package hyperref Info: Link coloring OFF on input line 6378.
Package hyperref Info: Link coloring with OCG OFF on input line 6383.
Package hyperref Info: PDF/A mode OFF on input line 6388.
LaTeX Info: Redefining \ref on input line 6428.
LaTeX Info: Redefining \pageref on input line 6432.
\Hy@abspage=\count112
\c@Item=\count113
\c@Hfootnote=\count114
)

Package hyperref Message: Driver (autodetected): hpdftex.

(c:/texlive/2017/texmf-dist/tex/latex/hyperref/hpdftex.def
File: hpdftex.def 2017/03/14 v6.85a Hyperref driver for pdfTeX
\Fld@listcount=\count115
\c@bookmark@seq@number=\count116

(c:/texlive/2017/texmf-dist/tex/latex/oberdiek/rerunfilecheck.sty
Package: rerunfilecheck 2016/05/16 v1.8 Rerun checks for auxiliary files (HO)
Package uniquecounter Info: New unique counter `rerunfilecheck' on input line 2
82.
)
\Hy@SectionHShift=\skip58
)
\c@theorem=\count117

(c:/texlive/2017/texmf-dist/tex/latex/matlab-prettifier/matlab-prettifier.sty
Package: matlab-prettifier 2014/06/19 v0.3 A package for prettyprinting Matlab 
source code

(c:/texlive/2017/texmf-dist/tex/latex/base/textcomp.sty
Package: textcomp 2017/04/05 v2.0i Standard LaTeX package
Package textcomp Info: Sub-encoding information:
(textcomp)               5 = only ISO-Adobe without \textcurrency
(textcomp)               4 = 5 + \texteuro
(textcomp)               3 = 4 + \textohm
(textcomp)               2 = 3 + \textestimated + \textcurrency
(textcomp)               1 = TS1 - \textcircled - \t
(textcomp)               0 = TS1 (full)
(textcomp)             Font families with sub-encoding setting implement
(textcomp)             only a restricted character set as indicated.
(textcomp)             Family '?' is the default used for unknown fonts.
(textcomp)             See the documentation for details.
Package textcomp Info: Setting ? sub-encoding to TS1/1 on input line 79.

(c:/texlive/2017/texmf-dist/tex/latex/base/ts1enc.def
File: ts1enc.def 2001/06/05 v3.0e (jk/car/fm) Standard LaTeX file
)
LaTeX Info: Redefining \oldstylenums on input line 334.
Package textcomp Info: Setting cmr sub-encoding to TS1/0 on input line 349.
Package textcomp Info: Setting cmss sub-encoding to TS1/0 on input line 350.
Package textcomp Info: Setting cmtt sub-encoding to TS1/0 on input line 351.
Package textcomp Info: Setting cmvtt sub-encoding to TS1/0 on input line 352.
Package textcomp Info: Setting cmbr sub-encoding to TS1/0 on input line 353.
Package textcomp Info: Setting cmtl sub-encoding to TS1/0 on input line 354.
Package textcomp Info: Setting ccr sub-encoding to TS1/0 on input line 355.
Package textcomp Info: Setting ptm sub-encoding to TS1/4 on input line 356.
Package textcomp Info: Setting pcr sub-encoding to TS1/4 on input line 357.
Package textcomp Info: Setting phv sub-encoding to TS1/4 on input line 358.
Package textcomp Info: Setting ppl sub-encoding to TS1/3 on input line 359.
Package textcomp Info: Setting pag sub-encoding to TS1/4 on input line 360.
Package textcomp Info: Setting pbk sub-encoding to TS1/4 on input line 361.
Package textcomp Info: Setting pnc sub-encoding to TS1/4 on input line 362.
Package textcomp Info: Setting pzc sub-encoding to TS1/4 on input line 363.
Package textcomp Info: Setting bch sub-encoding to TS1/4 on input line 364.
Package textcomp Info: Setting put sub-encoding to TS1/5 on input line 365.
Package textcomp Info: Setting uag sub-encoding to TS1/5 on input line 366.
Package textcomp Info: Setting ugq sub-encoding to TS1/5 on input line 367.
Package textcomp Info: Setting ul8 sub-encoding to TS1/4 on input line 368.
Package textcomp Info: Setting ul9 sub-encoding to TS1/4 on input line 369.
Package textcomp Info: Setting augie sub-encoding to TS1/5 on input line 370.
Package textcomp Info: Setting dayrom sub-encoding to TS1/3 on input line 371.
Package textcomp Info: Setting dayroms sub-encoding to TS1/3 on input line 372.

Package textcomp Info: Setting pxr sub-encoding to TS1/0 on input line 373.
Package textcomp Info: Setting pxss sub-encoding to TS1/0 on input line 374.
Package textcomp Info: Setting pxtt sub-encoding to TS1/0 on input line 375.
Package textcomp Info: Setting txr sub-encoding to TS1/0 on input line 376.
Package textcomp Info: Setting txss sub-encoding to TS1/0 on input line 377.
Package textcomp Info: Setting txtt sub-encoding to TS1/0 on input line 378.
Package textcomp Info: Setting lmr sub-encoding to TS1/0 on input line 379.
Package textcomp Info: Setting lmdh sub-encoding to TS1/0 on input line 380.
Package textcomp Info: Setting lmss sub-encoding to TS1/0 on input line 381.
Package textcomp Info: Setting lmssq sub-encoding to TS1/0 on input line 382.
Package textcomp Info: Setting lmvtt sub-encoding to TS1/0 on input line 383.
Package textcomp Info: Setting lmtt sub-encoding to TS1/0 on input line 384.
Package textcomp Info: Setting qhv sub-encoding to TS1/0 on input line 385.
Package textcomp Info: Setting qag sub-encoding to TS1/0 on input line 386.
Package textcomp Info: Setting qbk sub-encoding to TS1/0 on input line 387.
Package textcomp Info: Setting qcr sub-encoding to TS1/0 on input line 388.
Package textcomp Info: Setting qcs sub-encoding to TS1/0 on input line 389.
Package textcomp Info: Setting qpl sub-encoding to TS1/0 on input line 390.
Package textcomp Info: Setting qtm sub-encoding to TS1/0 on input line 391.
Package textcomp Info: Setting qzc sub-encoding to TS1/0 on input line 392.
Package textcomp Info: Setting qhvc sub-encoding to TS1/0 on input line 393.
Package textcomp Info: Setting futs sub-encoding to TS1/4 on input line 394.
Package textcomp Info: Setting futx sub-encoding to TS1/4 on input line 395.
Package textcomp Info: Setting futj sub-encoding to TS1/4 on input line 396.
Package textcomp Info: Setting hlh sub-encoding to TS1/3 on input line 397.
Package textcomp Info: Setting hls sub-encoding to TS1/3 on input line 398.
Package textcomp Info: Setting hlst sub-encoding to TS1/3 on input line 399.
Package textcomp Info: Setting hlct sub-encoding to TS1/5 on input line 400.
Package textcomp Info: Setting hlx sub-encoding to TS1/5 on input line 401.
Package textcomp Info: Setting hlce sub-encoding to TS1/5 on input line 402.
Package textcomp Info: Setting hlcn sub-encoding to TS1/5 on input line 403.
Package textcomp Info: Setting hlcw sub-encoding to TS1/5 on input line 404.
Package textcomp Info: Setting hlcf sub-encoding to TS1/5 on input line 405.
Package textcomp Info: Setting pplx sub-encoding to TS1/3 on input line 406.
Package textcomp Info: Setting pplj sub-encoding to TS1/3 on input line 407.
Package textcomp Info: Setting ptmx sub-encoding to TS1/4 on input line 408.
Package textcomp Info: Setting ptmj sub-encoding to TS1/4 on input line 409.
)
(c:/texlive/2017/texmf-dist/tex/latex/xcolor/xcolor.sty
Package: xcolor 2016/05/11 v2.12 LaTeX color extensions (UK)

(c:/texlive/2017/texmf-dist/tex/latex/graphics-cfg/color.cfg
File: color.cfg 2016/01/02 v1.6 sample color configuration
)
Package xcolor Info: Driver file: pdftex.def on input line 225.
Package xcolor Info: Model `cmy' substituted by `cmy0' on input line 1348.
Package xcolor Info: Model `hsb' substituted by `rgb' on input line 1352.
Package xcolor Info: Model `RGB' extended on input line 1364.
Package xcolor Info: Model `HTML' substituted by `rgb' on input line 1366.
Package xcolor Info: Model `Hsb' substituted by `hsb' on input line 1367.
Package xcolor Info: Model `tHsb' substituted by `hsb' on input line 1368.
Package xcolor Info: Model `HSB' substituted by `hsb' on input line 1369.
Package xcolor Info: Model `Gray' substituted by `gray' on input line 1370.
Package xcolor Info: Model `wave' substituted by `hsb' on input line 1371.
)
(c:/texlive/2017/texmf-dist/tex/latex/listings/listings.sty
\lst@mode=\count118
\lst@gtempboxa=\box28
\lst@token=\toks32
\lst@length=\count119
\lst@currlwidth=\dimen133
\lst@column=\count120
\lst@pos=\count121
\lst@lostspace=\dimen134
\lst@width=\dimen135
\lst@newlines=\count122
\lst@lineno=\count123
\lst@maxwidth=\dimen136

(c:/texlive/2017/texmf-dist/tex/latex/listings/lstmisc.sty
File: lstmisc.sty 2015/06/04 1.6 (Carsten Heinz)
\c@lstnumber=\count124
\lst@skipnumbers=\count125
\lst@framebox=\box29
)
(c:/texlive/2017/texmf-dist/tex/latex/listings/listings.cfg
File: listings.cfg 2015/06/04 1.6 listings configuration
))
Package: listings 2015/06/04 1.6 (Carsten Heinz)
\netBracketCount@mlpr=\count126
\blkLvl@mlpr=\count127
\blkLvlAtClassdef@mlpr=\count128
\emHeight@mlpr=\skip59
\jayDepth@mlpr=\skip60
\sectionRuleOffset@mlpr=\skip61
\toks@mlpr=\toks33
)
Package Listings Info: Made " a short reference for \lstinline on input line 78
.
)
(c:/texlive/2017/texmf-dist/tex/latex/natbib/natbib.sty
Package: natbib 2010/09/13 8.31b (PWD, AO)
\bibhang=\skip62
\bibsep=\skip63
LaTeX Info: Redefining \cite on input line 694.
\c@NAT@ctr=\count129
)
Package hyperref Info: Option `colorlinks' set `true' on input line 17.
 (./main.aux

LaTeX Warning: Label `eq: canard system' multiply defined.


LaTeX Warning: Label `sec:dynamics-in-texorpdfstringk1k1' multiply defined.

)
\openout1 = `main.aux'.

LaTeX Font Info:    Checking defaults for OML/cmm/m/it on input line 44.
LaTeX Font Info:    ... okay on input line 44.
LaTeX Font Info:    Checking defaults for T1/cmr/m/n on input line 44.
LaTeX Font Info:    ... okay on input line 44.
LaTeX Font Info:    Checking defaults for OT1/cmr/m/n on input line 44.
LaTeX Font Info:    ... okay on input line 44.
LaTeX Font Info:    Checking defaults for OMS/cmsy/m/n on input line 44.
LaTeX Font Info:    ... okay on input line 44.
LaTeX Font Info:    Checking defaults for OMX/cmex/m/n on input line 44.
LaTeX Font Info:    ... okay on input line 44.
LaTeX Font Info:    Checking defaults for U/cmr/m/n on input line 44.
LaTeX Font Info:    ... okay on input line 44.
LaTeX Font Info:    Checking defaults for PD1/pdf/m/n on input line 44.
LaTeX Font Info:    ... okay on input line 44.
LaTeX Font Info:    Checking defaults for TS1/cmr/m/n on input line 44.
LaTeX Font Info:    Try loading font information for TS1+cmr on input line 44.
 (c:/texlive/2017/texmf-dist/tex/latex/base/ts1cmr.fd
File: ts1cmr.fd 2014/09/29 v2.5h Standard LaTeX font definitions
)
LaTeX Font Info:    ... okay on input line 44.

(c:/texlive/2017/texmf-dist/tex/latex/ucs/ucsencs.def
File: ucsencs.def 2011/01/21 Fixes to fontencodings LGR, T3
)
(c:/texlive/2017/texmf-dist/tex/context/base/mkii/supp-pdf.mkii
[Loading MPS to PDF converter (version 2006.09.02).]
\scratchcounter=\count130
\scratchdimen=\dimen137
\scratchbox=\box30
\nofMPsegments=\count131
\nofMParguments=\count132
\everyMPshowfont=\toks34
\MPscratchCnt=\count133
\MPscratchDim=\dimen138
\MPnumerator=\count134
\makeMPintoPDFobject=\count135
\everyMPtoPDFconversion=\toks35
) (c:/texlive/2017/texmf-dist/tex/latex/oberdiek/epstopdf-base.sty
Package: epstopdf-base 2016/05/15 v2.6 Base part for package epstopdf

(c:/texlive/2017/texmf-dist/tex/latex/oberdiek/grfext.sty
Package: grfext 2016/05/16 v1.2 Manage graphics extensions (HO)
)
Package epstopdf-base Info: Redefining graphics rule for `.eps' on input line 4
38.
Package grfext Info: Graphics extension search list:
(grfext)             [.png,.pdf,.jpg,.mps,.jpeg,.jbig2,.jb2,.PNG,.PDF,.JPG,.JPE
G,.JBIG2,.JB2,.eps]
(grfext)             \AppendGraphicsExtensions on input line 456.

(c:/texlive/2017/texmf-dist/tex/latex/latexconfig/epstopdf-sys.cfg
File: epstopdf-sys.cfg 2010/07/13 v1.3 Configuration of (r)epstopdf for TeX Liv
e
))
*geometry* driver: auto-detecting
*geometry* detected driver: pdftex
*geometry* verbose mode - [ preamble ] result:
* driver: pdftex
* paper: <default>
* layout: <same size as paper>
* layoutoffset:(h,v)=(0.0pt,0.0pt)
* modes: 
* h-part:(L,W,R)=(71.13188pt, 486.25761pt, 56.9055pt)
* v-part:(T,H,B)=(71.13188pt, 652.70622pt, 71.13188pt)
* \paperwidth=614.295pt
* \paperheight=794.96999pt
* \textwidth=486.25761pt
* \textheight=652.70622pt
* \oddsidemargin=-1.1381pt
* \evensidemargin=-1.1381pt
* \topmargin=-38.1381pt
* \headheight=14.5pt
* \headsep=25.0pt
* \topskip=10.0pt
* \footskip=30.0pt
* \marginparwidth=65.0pt
* \marginparsep=11.0pt
* \columnsep=10.0pt
* \skip\footins=9.0pt plus 4.0pt minus 2.0pt
* \hoffset=0.0pt
* \voffset=0.0pt
* \mag=1000
* \@twocolumnfalse
* \@twosidefalse
* \@mparswitchfalse
* \@reversemarginfalse
* (1in=72.27pt=25.4mm, 1cm=28.453pt)

Package caption Info: Begin \AtBeginDocument code.
Package caption Info: hyperref package is loaded.
Package caption Info: listings package is loaded.
Package caption Info: End \AtBeginDocument code.
\AtBeginShipoutBox=\box31
Package hyperref Info: Link coloring ON on input line 44.
(c:/texlive/2017/texmf-dist/tex/latex/hyperref/nameref.sty
Package: nameref 2016/05/21 v2.44 Cross-referencing by name of section

(c:/texlive/2017/texmf-dist/tex/generic/oberdiek/gettitlestring.sty
Package: gettitlestring 2016/05/16 v1.5 Cleanup title references (HO)
)
\c@section@level=\count136
)
LaTeX Info: Redefining \ref on input line 44.
LaTeX Info: Redefining \pageref on input line 44.
LaTeX Info: Redefining \nameref on input line 44.

(./main.out) (./main.out)
\@outlinefile=\write3
\openout3 = `main.out'.

\c@lstlisting=\count137
LaTeX Font Info:    Try loading font information for U+msa on input line 47.

(c:/texlive/2017/texmf-dist/tex/latex/amsfonts/umsa.fd
File: umsa.fd 2013/01/14 v3.01 AMS symbols A
)
LaTeX Font Info:    Try loading font information for U+msb on input line 47.

(c:/texlive/2017/texmf-dist/tex/latex/amsfonts/umsb.fd
File: umsb.fd 2013/01/14 v3.01 AMS symbols B
) [1

{c:/texlive/2017/texmf-var/fonts/map/pdftex/updmap/pdftex.map}] (./main.toc)
\tf@toc=\write4
\openout4 = `main.toc'.

 (./main.lof [1]

Package natbib Warning: Citation `krupa2001' on page II undefined on input line
 4.


Package natbib Warning: Citation `krupa2001' on page II undefined on input line
 5.


Package natbib Warning: Citation `krupa2001' on page II undefined on input line
 6.


Package natbib Warning: Citation `krupa2001' on page II undefined on input line
 7.


Package natbib Warning: Citation `Kuehn' on page II undefined on input line 12.



Package natbib Warning: Citation `3D-VdP' on page II undefined on input line 13
.


Package natbib Warning: Citation `MMO' on page II undefined on input line 14.


Package natbib Warning: Citation `Spiral' on page II undefined on input line 15
.


Package natbib Warning: Citation `MMO' on page II undefined on input line 16.


Package natbib Warning: Citation `MMO' on page II undefined on input line 17.


Package natbib Warning: Citation `MMO' on page II undefined on input line 20.

)
\tf@lof=\write5
\openout5 = `main.lof'.

 [2] (./Chapters/abstract.tex

Package natbib Warning: Citation `krupa2001' on page 1 undefined on input line 
1.

) (./Chapters/intro.tex
Underfull \hbox (badness 10000) in paragraph at lines 16--18

 []

[1]

LaTeX Warning: No positions in optional float specifier.
               Default added (so using `tbp') on input line 42.

<Images/VDPbigE.pdf, id=263, 709.65125pt x 291.0875pt>
File: Images/VDPbigE.pdf Graphic file (type pdf)

<use Images/VDPbigE.pdf>
Package pdftex.def Info: Images/VDPbigE.pdf used on input line 43.
(pdftex.def)             Requested size: 486.25761pt x 199.46034pt.


LaTeX Warning: No positions in optional float specifier.
               Default added (so using `tbp') on input line 48.

<Images/VDPsmallE.pdf, id=266, 709.65125pt x 291.0875pt>
File: Images/VDPsmallE.pdf Graphic file (type pdf)

<use Images/VDPsmallE.pdf>
Package pdftex.def Info: Images/VDPsmallE.pdf used on input line 49.
(pdftex.def)             Requested size: 486.25761pt x 199.46034pt.
 [2 <./Images/VDPbigE.pdf>] [3 <./Images/VDPsmallE.pdf>]
Underfull \hbox (badness 10000) in paragraph at lines 82--84

 []

) (./Chapters/GSPT.tex

Package natbib Warning: Citation `MMO' on page 4 undefined on input line 2.


Package natbib Warning: Citation `Fenichel' on page 4 undefined on input line 2
.


Package natbib Warning: Citation `MMO' on page 4 undefined on input line 2.


Package natbib Warning: Citation `firstpaper' on page 4 undefined on input line
 5.


Package natbib Warning: Citation `MMO' on page 4 undefined on input line 10.


Package natbib Warning: Citation `MMO' on page 4 undefined on input line 11.


Package natbib Warning: Citation `Kuehn' on page 4 undefined on input line 13.


Package natbib Warning: Citation `MMO' on page 4 undefined on input line 24.


LaTeX Warning: Reference `CriticalS' on page 4 undefined on input line 25.

[4]
Underfull \hbox (badness 10000) in paragraph at lines 38--40

 []

) (./Chapters/singfoldpoints.tex

Package natbib Warning: Citation `Kuehn' on page 5 undefined on input line 1.


Underfull \hbox (badness 10000) in paragraph at lines 12--15

 []

[5]
Underfull \hbox (badness 10000) in paragraph at lines 49--50

 []

[6]
Underfull \hbox (badness 10000) in paragraph at lines 73--82

 []

) (./Chapters/blowup.tex [7]

Package natbib Warning: Citation `krupa2001' on page 8 undefined on input line 
14.


Package natbib Warning: Citation `needam' on page 8 undefined on input line 34.


<Images/charts-ball.jpg, id=332, 340.14032pt x 255.30164pt>
File: Images/charts-ball.jpg Graphic file (type jpg)

<use Images/charts-ball.jpg>
Package pdftex.def Info: Images/charts-ball.jpg used on input line 37.
(pdftex.def)             Requested size: 199.1759pt x 142.26283pt.


Package natbib Warning: Citation `krupa2001' on page 8 undefined on input line 
38.


Package natbib Warning: Citation `krupa2001' on page 8 undefined on input line 
38.

[8 <./Images/charts-ball.jpg>]

Package natbib Warning: Citation `krupa2001' on page 9 undefined on input line 
53.


Underfull \hbox (badness 10000) in paragraph at lines 59--60

 []

[9] <Images/Dynamics_in_Chart_2.png, id=357, 560.8152pt x 356.0502pt>
File: Images/Dynamics_in_Chart_2.png Graphic file (type png)

<use Images/Dynamics_in_Chart_2.png>
Package pdftex.def Info: Images/Dynamics_in_Chart_2.png used on input line 85.
(pdftex.def)             Requested size: 170.71037pt x 113.808pt.


Package natbib Warning: Citation `krupa2001' on page 10 undefined on input line
 86.


Package natbib Warning: Citation `krupa2001' on page 10 undefined on input line
 86.


Package natbib Warning: Citation `Riccati' on page 10 undefined on input line 1
12.


Package natbib Warning: Citation `krupa2001' on page 10 undefined on input line
 116.

[10 <./Images/Dynamics_in_Chart_2.png>]
<Images/Dynamics_in_K2.png, id=379, 309.7974pt x 251.9814pt>
File: Images/Dynamics_in_K2.png Graphic file (type png)

<use Images/Dynamics_in_K2.png>
Package pdftex.def Info: Images/Dynamics_in_K2.png used on input line 134.
(pdftex.def)             Requested size: 170.72472pt x 170.7222pt.


Package natbib Warning: Citation `krupa2001' on page 11 undefined on input line
 135.


Package natbib Warning: Citation `krupa2001' on page 11 undefined on input line
 135.


Package natbib Warning: Citation `krupa2001' on page 11 undefined on input line
 150.

[11 <./Images/Dynamics_in_K2.png>]
<Images/K1Chart.jpg, id=397, 446.2125pt x 340.545pt>
File: Images/K1Chart.jpg Graphic file (type jpg)
 <use Images/K1Chart.jpg>
Package pdftex.def Info: Images/K1Chart.jpg used on input line 195.
(pdftex.def)             Requested size: 199.16649pt x 199.17384pt.


Package natbib Warning: Citation `krupa2001' on page 12 undefined on input line
 196.


Package natbib Warning: Citation `krupa2001' on page 12 undefined on input line
 196.


LaTeX Warning: `!h' float specifier changed to `!ht'.

[12] [13 <./Images/K1Chart.jpg>]

Package natbib Warning: Citation `krupa2001' on page 14 undefined on input line
 236.

[14]

Package natbib Warning: Citation `krupa2001' on page 15 undefined on input line
 260.

[15]

Package natbib Warning: Citation `krupa2001' on page 16 undefined on input line
 324.

[16] [17]

LaTeX Warning: Reference `fig: vdp flow diagram' on page 18 undefined on input 
line 396.

<Images/vdPe001-Moment-normal.jpg, id=481, 843.15pt x 632.3625pt>
File: Images/vdPe001-Moment-normal.jpg Graphic file (type jpg)

<use Images/vdPe001-Moment-normal.jpg>
Package pdftex.def Info: Images/vdPe001-Moment-normal.jpg used on input line 40
0.
(pdftex.def)             Requested size: 175.05222pt x 131.28514pt.

<Images/vdPe02-Moment-big-e.jpg, id=482, 843.15pt x 632.3625pt>
File: Images/vdPe02-Moment-big-e.jpg Graphic file (type jpg)

<use Images/vdPe02-Moment-big-e.jpg>
Package pdftex.def Info: Images/vdPe02-Moment-big-e.jpg used on input line 406.

(pdftex.def)             Requested size: 175.05222pt x 131.28514pt.
) (./Chapters/canards.tex
<Images/Canard_Point.png, id=483, 919.7562pt x 373.395pt>
File: Images/Canard_Point.png Graphic file (type png)

<use Images/Canard_Point.png>
Package pdftex.def Info: Images/Canard_Point.png used on input line 3.
(pdftex.def)             Requested size: 227.62282pt x 142.26192pt.


LaTeX Warning: `!h' float specifier changed to `!ht'.

[18 <./Images/vdPe001-Moment-normal.jpg> <./Images/vdPe02-Moment-big-e.jpg>]

LaTeX Warning: Reference `eq: Fast System' on page 19 undefined on input line 1
7.


Package natbib Warning: Citation `Kuehn' on page 19 undefined on input line 29.



Package natbib Warning: Citation `Kuehn' on page 19 undefined on input line 33.



LaTeX Warning: Reference `sec:the-van-der-pol-equation' on page 19 undefined on
 input line 39.


Package natbib Warning: Citation `kuehn' on page 19 undefined on input line 39.



Package natbib Warning: Citation `krupa2001' on page 19 undefined on input line
 40.

[19pdfTeX warning (ext4): destination with the same identifier (name{equation.5
.23}) has been already used, duplicate ignored

\AtBegShi@Output ...ipout \box \AtBeginShipoutBox 
                                                  \fi \fi 
l.49 \end{equation}
                    <./Images/Canard_Point.png>]

Package natbib Warning: Citation `krupa2001' on page 20 undefined on input line
 61.


Package natbib Warning: Citation `krupa2001' on page 20 undefined on input line
 85.


Package natbib Warning: Citation `krupa2001' on page 20 undefined on input line
 89.


Package natbib Warning: Citation `krupa2001' on page 20 undefined on input line
 92.


Underfull \hbox (badness 10000) in paragraph at lines 95--96

 []

[20]

Package natbib Warning: Citation `krupa2001' on page 21 undefined on input line
 113.

<Images/vdPhopf-Moment-bendback.jpg, id=521, 843.15pt x 632.3625pt>
File: Images/vdPhopf-Moment-bendback.jpg Graphic file (type jpg)

<use Images/vdPhopf-Moment-bendback.jpg>
Package pdftex.def Info: Images/vdPhopf-Moment-bendback.jpg used on input line 
121.
(pdftex.def)             Requested size: 227.61494pt x 170.71121pt.
 [21 <./Images/vdPhopf-Moment-bendback.jpg>]

Package natbib Warning: Citation `krupa2001' on page 22 undefined on input line
 172.

[22] [23]

Package natbib Warning: Citation `krupa2001' on page 24 undefined on input line
 250.


Package natbib Warning: Citation `krupa2001' on page 24 undefined on input line
 250.


Package natbib Warning: Citation `krupa2001' on page 24 undefined on input line
 250.

[24pdfTeX warning (ext4): destination with the same identifier (name{equation.5
.36}) has been already used, duplicate ignored

\AtBegShi@Output ...ipout \box \AtBeginShipoutBox 
                                                  \fi \fi 
l.264 \begin{equation}
                      ]
<Images/vdPhopf-Moment-1.jpg, id=590, 843.15pt x 632.3625pt>
File: Images/vdPhopf-Moment-1.jpg Graphic file (type jpg)

<use Images/vdPhopf-Moment-1.jpg>
Package pdftex.def Info: Images/vdPhopf-Moment-1.jpg used on input line 287.
(pdftex.def)             Requested size: 175.05222pt x 131.28514pt.

<Images/vdPhopf-Moment-2.jpg, id=591, 843.15pt x 632.3625pt>
File: Images/vdPhopf-Moment-2.jpg Graphic file (type jpg)

<use Images/vdPhopf-Moment-2.jpg>
Package pdftex.def Info: Images/vdPhopf-Moment-2.jpg used on input line 293.
(pdftex.def)             Requested size: 175.05222pt x 131.28514pt.

<Images/vdPhopf-Moment-3.jpg, id=592, 843.15pt x 632.3625pt>
File: Images/vdPhopf-Moment-3.jpg Graphic file (type jpg)

<use Images/vdPhopf-Moment-3.jpg>
Package pdftex.def Info: Images/vdPhopf-Moment-3.jpg used on input line 300.
(pdftex.def)             Requested size: 175.05222pt x 131.28514pt.

<Images/vdPhopf-Moment-4.jpg, id=593, 843.15pt x 632.3625pt>
File: Images/vdPhopf-Moment-4.jpg Graphic file (type jpg)

<use Images/vdPhopf-Moment-4.jpg>
Package pdftex.def Info: Images/vdPhopf-Moment-4.jpg used on input line 306.
(pdftex.def)             Requested size: 175.05222pt x 131.28514pt.

<Code/behaviourswitch-pres.jpg, id=594, 963.6pt x 367.6134pt>
File: Code/behaviourswitch-pres.jpg Graphic file (type jpg)

<use Code/behaviourswitch-pres.jpg>
Package pdftex.def Info: Code/behaviourswitch-pres.jpg used on input line 310.
(pdftex.def)             Requested size: 175.04318pt x 170.71408pt.


LaTeX Warning: `!h' float specifier changed to `!ht'.

[25] [26 <./Images/vdPhopf-Moment-1.jpg> <./Images/vdPhopf-Moment-2.jpg> <./Ima
ges/vdPhopf-Moment-3.jpg> <./Images/vdPhopf-Moment-4.jpg> <./Code/behaviourswit
ch-pres.jpg>] <Images/Separation.png, id=613, 354.6048pt x 233.673pt>
File: Images/Separation.png Graphic file (type png)

<use Images/Separation.png>
Package pdftex.def Info: Images/Separation.png used on input line 368.
(pdftex.def)             Requested size: 284.5337pt x 227.62166pt.


Package natbib Warning: Citation `Kuehn' on page 27 undefined on input line 369
.


Package natbib Warning: Citation `Kuehn' on page 27 undefined on input line 369
.


Package natbib Warning: Citation `krupa2001' on page 27 undefined on input line
 373.


Package natbib Warning: Citation `krupa2001' on page 27 undefined on input line
 373.


Package natbib Warning: Citation `krupa2001' on page 27 undefined on input line
 375.


Package natbib Warning: Citation `krupa2001' on page 27 undefined on input line
 389.

[27 <./Images/Separation.png>]) (./Chapters/FoldedSingularities.tex

Package natbib Warning: Citation `MMO' on page 28 undefined on input line 13.


Package natbib Warning: Citation `MMO' on page 28 undefined on input line 26.


<Images/Three-dimensional-plot-of-a-trajectory-for-the-van-der-Pol-equation-and
-the-critical.png, id=630, 853.1875pt x 670.505pt>
File: Images/Three-dimensional-plot-of-a-trajectory-for-the-van-der-Pol-equatio
n-and-the-critical.png Graphic file (type png)

<use Images/Three-dimensional-plot-of-a-trajectory-for-the-van-der-Pol-equation
-and-the-critical.png>
Package pdftex.def Info: Images/Three-dimensional-plot-of-a-trajectory-for-the-
van-der-Pol-equation-and-the-critical.png used on input line 30.
(pdftex.def)             Requested size: 398.34239pt x 284.52603pt.


Package natbib Warning: Citation `3D-VdP' on page 28 undefined on input line 31
.


Package natbib Warning: Citation `3D-VdP' on page 28 undefined on input line 31
.


LaTeX Warning: `!h' float specifier changed to `!ht'.

[28] [29 <./Images/Three-dimensional-plot-of-a-trajectory-for-the-van-der-Pol-e
quation-and-the-critical.png>]

Package natbib Warning: Citation `kuehn' on page 30 undefined on input line 68.



Package natbib Warning: Citation `MMO' on page 30 undefined on input line 80.


Package natbib Warning: Citation `MMO' on page 30 undefined on input line 91.

<Images/foldednodesetc.png, id=647, 594.89621pt x 541.68086pt>
File: Images/foldednodesetc.png Graphic file (type png)

<use Images/foldednodesetc.png>
Package pdftex.def Info: Images/foldednodesetc.png used on input line 93.
(pdftex.def)             Requested size: 341.43633pt x 341.44258pt.


Package natbib Warning: Citation `MMO' on page 30 undefined on input line 94.


Package natbib Warning: Citation `MMO' on page 30 undefined on input line 94.


LaTeX Warning: `!h' float specifier changed to `!ht'.

[30] <Images/spiral3.png, id=656, 158.5122pt x 113.223pt>
File: Images/spiral3.png Graphic file (type png)

<use Images/spiral3.png>
Package pdftex.def Info: Images/spiral3.png used on input line 102.
(pdftex.def)             Requested size: 158.51181pt x 113.22272pt.


Package natbib Warning: Citation `Spiral' on page 31 undefined on input line 10
3.


Package natbib Warning: Citation `Spiral' on page 31 undefined on input line 10
3.

[31 <./Images/foldednodesetc.png> <./Images/spiral3.png>]

Package natbib Warning: Citation `MMO' on page 32 undefined on input line 111.


Package natbib Warning: Citation `wechselberger2005' on page 32 undefined on in
put line 126.

[32] [33]

LaTeX Warning: Reference `normalform1' on page 34 undefined on input line 205.


Package natbib Warning: Citation `kuehn' on page 34 undefined on input line 217
.


Package natbib Warning: Citation `wechselberger2005' on page 34 undefined on in
put line 218.

[34]

Package natbib Warning: Citation `MMO' on page 35 undefined on input line 226.

<Images/MMO1.png, id=704, 515.67656pt x 480.29437pt>
File: Images/MMO1.png Graphic file (type png)
 <use Images/MMO1.png>
Package pdftex.def Info: Images/MMO1.png used on input line 232.
(pdftex.def)             Requested size: 515.6753pt x 480.29318pt.

Overfull \hbox (29.41768pt too wide) in paragraph at lines 232--233
 [][] 
 []


Package natbib Warning: Citation `MMO' on page 35 undefined on input line 233.


Package natbib Warning: Citation `MMO' on page 35 undefined on input line 233.


LaTeX Warning: `!h' float specifier changed to `!ht'.

<Images/MMO2.png, id=705, 503.63156pt x 353.82187pt>
File: Images/MMO2.png Graphic file (type png)
 <use Images/MMO2.png>
Package pdftex.def Info: Images/MMO2.png used on input line 238.
(pdftex.def)             Requested size: 503.63033pt x 353.821pt.

Overfull \hbox (17.37271pt too wide) in paragraph at lines 238--239
 [][] 
 []


Package natbib Warning: Citation `MMO' on page 35 undefined on input line 239.


Package natbib Warning: Citation `MMO' on page 35 undefined on input line 239.


LaTeX Warning: `!h' float specifier changed to `!ht'.


Package natbib Warning: Citation `MMO' on page 35 undefined on input line 244.

) (./Chapters/MMO.tex

Package natbib Warning: Citation `MMO' on page 35 undefined on input line 4.


Package natbib Warning: Citation `kuehn' on page 35 undefined on input line 7.


Package natbib Warning: Citation `MMO' on page 35 undefined on input line 7.

[35]
Underfull \hbox (badness 10000) in paragraph at lines 16--23

 []

[36 <./Images/MMO1.png>]

Package natbib Warning: Citation `MMO' on page 37 undefined on input line 24.

[37 <./Images/MMO2.png>]

Package natbib Warning: Citation `MMO' on page 38 undefined on input line 36.


LaTeX Warning: Reference `theoremsigni' on page 38 undefined on input line 36.


LaTeX Warning: Reference `theoremsigni' on page 38 undefined on input line 47.


Package natbib Warning: Citation `strogatz2007nonlinear' on page 38 undefined o
n input line 61.

[38]

LaTeX Warning: Reference `MMO5pic' on page 39 undefined on input line 74.

<Images/chaoticEvdp.jpg, id=748, 995.72pt x 634.37pt>
File: Images/chaoticEvdp.jpg Graphic file (type jpg)

<use Images/chaoticEvdp.jpg>
Package pdftex.def Info: Images/chaoticEvdp.jpg used on input line 79.
(pdftex.def)             Requested size: 243.1288pt x 154.89445pt.

<Images/eVDPts.pdf, id=749, 421.575pt x 316.18124pt>
File: Images/eVDPts.pdf Graphic file (type pdf)
 <use Images/eVDPts.pdf>
Package pdftex.def Info: Images/eVDPts.pdf used on input line 84.
(pdftex.def)             Requested size: 243.1288pt x 182.34796pt.

<Images/MMO3.png, id=750, 469.00218pt x 362.85562pt>
File: Images/MMO3.png Graphic file (type png)
 <use Images/MMO3.png>
Package pdftex.def Info: Images/MMO3.png used on input line 89.
(pdftex.def)             Requested size: 486.25761pt x 376.20377pt.


Package natbib Warning: Citation `MMO' on page 39 undefined on input line 90.


Package natbib Warning: Citation `MMO' on page 39 undefined on input line 90.


LaTeX Warning: `!h' float specifier changed to `!ht'.


LaTeX Warning: `!h' float specifier changed to `!ht'.

) [39 <./Images/chaoticEvdp.jpg>]

LaTeX Warning: Text page 40 contains only floats.

[40 <./Images/eVDPts.pdf> <./Images/MMO3.png>]
No file main.bbl.

Package natbib Warning: Citation `strogatz2007nonlinear' undefined on input lin
e 99.

(./Chapters/Appendices/DynSys.tex) (./Chapters/Appendices/NumSim.tex [41]
Underfull \hbox (badness 10000) in paragraph at lines 20--22

 []


Underfull \hbox (badness 10000) in paragraph at lines 33--35

 []

<Images/TestEqSim.pdf, id=773, 421.575pt x 316.18124pt>
File: Images/TestEqSim.pdf Graphic file (type pdf)

<use Images/TestEqSim.pdf>
Package pdftex.def Info: Images/TestEqSim.pdf used on input line 52.
(pdftex.def)             Requested size: 389.00757pt x 291.7635pt.

<Images/stiffVDP.pdf, id=776, 421.575pt x 316.18124pt>
File: Images/stiffVDP.pdf Graphic file (type pdf)

<use Images/stiffVDP.pdf>
Package pdftex.def Info: Images/stiffVDP.pdf used on input line 60.
(pdftex.def)             Requested size: 389.00757pt x 291.7635pt.
) [42] [43 <./Images/TestEqSim.pdf>]

Package natbib Warning: There were undefined citations.

Package atveryend Info: Empty hook `BeforeClearDocument' on input line 114.
[44 <./Images/stiffVDP.pdf>]
Package atveryend Info: Empty hook `AfterLastShipout' on input line 114.
 (./main.aux)
Package atveryend Info: Executing hook `AtVeryEndDocument' on input line 114.
Package atveryend Info: Executing hook `AtEndAfterFileList' on input line 114.
Package rerunfilecheck Info: File `main.out' has not changed.
(rerunfilecheck)             Checksum: 656B8C01C3E9698451C1E21EC6A3F41D;2253.


LaTeX Warning: There were undefined references.


LaTeX Warning: There were multiply-defined labels.

Package atveryend Info: Empty hook `AtVeryVeryEnd' on input line 114.
 ) 
Here is how much of TeX's memory you used:
 11314 strings out of 492995
 166832 string characters out of 6136402
 282773 words of memory out of 5000000
 14406 multiletter control sequences out of 15000+600000
 17935 words of font info for 68 fonts, out of 8000000 for 9000
 1141 hyphenation exceptions out of 8191
 49i,15n,56p,1446b,509s stack positions out of 5000i,500n,10000p,200000b,80000s
<c:/texlive/2017/texmf-dist/fonts/type1/public/amsfonts/cm/cmbx10.pfb><c:/tex
live/2017/texmf-dist/fonts/type1/public/amsfonts/cm/cmbx12.pfb><c:/texlive/2017
/texmf-dist/fonts/type1/public/amsfonts/cm/cmbx9.pfb><c:/texlive/2017/texmf-dis
t/fonts/type1/public/amsfonts/cm/cmbxti10.pfb><c:/texlive/2017/texmf-dist/fonts
/type1/public/amsfonts/cm/cmex10.pfb><c:/texlive/2017/texmf-dist/fonts/type1/pu
blic/amsfonts/cmextra/cmex7.pfb><c:/texlive/2017/texmf-dist/fonts/type1/public/
amsfonts/cm/cmmi10.pfb><c:/texlive/2017/texmf-dist/fonts/type1/public/amsfonts/
cm/cmmi12.pfb><c:/texlive/2017/texmf-dist/fonts/type1/public/amsfonts/cm/cmmi5.
pfb><c:/texlive/2017/texmf-dist/fonts/type1/public/amsfonts/cm/cmmi7.pfb><c:/te
xlive/2017/texmf-dist/fonts/type1/public/amsfonts/cm/cmmi9.pfb><c:/texlive/2017
/texmf-dist/fonts/type1/public/amsfonts/cm/cmr10.pfb><c:/texlive/2017/texmf-dis
t/fonts/type1/public/amsfonts/cm/cmr12.pfb><c:/texlive/2017/texmf-dist/fonts/ty
pe1/public/amsfonts/cm/cmr17.pfb><c:/texlive/2017/texmf-dist/fonts/type1/public
/amsfonts/cm/cmr5.pfb><c:/texlive/2017/texmf-dist/fonts/type1/public/amsfonts/c
m/cmr6.pfb><c:/texlive/2017/texmf-dist/fonts/type1/public/amsfonts/cm/cmr7.pfb>
<c:/texlive/2017/texmf-dist/fonts/type1/public/amsfonts/cm/cmr8.pfb><c:/texlive
/2017/texmf-dist/fonts/type1/public/amsfonts/cm/cmr9.pfb><c:/texlive/2017/texmf
-dist/fonts/type1/public/amsfonts/cm/cmsl10.pfb><c:/texlive/2017/texmf-dist/fon
ts/type1/public/amsfonts/cm/cmsy10.pfb><c:/texlive/2017/texmf-dist/fonts/type1/
public/amsfonts/cm/cmsy7.pfb><c:/texlive/2017/texmf-dist/fonts/type1/public/ams
fonts/cm/cmti10.pfb><c:/texlive/2017/texmf-dist/fonts/type1/public/amsfonts/cm/
cmtt10.pfb><c:/texlive/2017/texmf-dist/fonts/type1/public/amsfonts/cm/cmtt8.pfb
><c:/texlive/2017/texmf-dist/fonts/type1/public/amsfonts/symbols/msam10.pfb><c:
/texlive/2017/texmf-dist/fonts/type1/public/amsfonts/symbols/msbm10.pfb>
Output written on main.pdf (47 pages, 6446845 bytes).
PDF statistics:
 938 PDF objects out of 1000 (max. 8388607)
 814 compressed objects within 9 object streams
 244 named destinations out of 1000 (max. 500000)
 395 words of extra memory for PDF output out of 10000 (max. 10000000)

